<?xml version="1.0" encoding="UTF-8"?>
<!-- Generated by org.testng.reporters.JUnitReportReporter -->
<testsuite hostname="IT123" failures="0" tests="1" name="mavenproject.Testhelloworld" time="44.869" errors="0" timestamp="2023-09-15T13:35:51 IST" skipped="0">
  <testcase classname="mavenproject.Testhelloworld" name="testHelloWorld" time="44.869"/>
  <system-out/>
</testsuite> <!-- mavenproject.Testhelloworld -->
